# JRE version: OpenJDK Runtime Environment Temurin-21.0.8+9 (21.0.8+9) (build 21.0.8+9-LTS)
# Java VM: OpenJDK 64-Bit Server VM Temurin-21.0.8+9 (21.0.8+9-LTS, mixed mode, sharing, tiered, compressed oops, compressed class ptrs, parallel gc, windows-amd64)
GC Precious Log:
 CardTable entry size: 512
 CPUs: 8 total, 8 available
 Memory: 16026M
 Large Page Support: Disabled
 NUMA Support: Disabled
 Compressed Oops: Enabled (32-bit)
 Alignments: Space 512K, Generation 512K, Heap 2M
 Heap Min Capacity: 100M
 Heap Initial Capacity: 100M
 Heap Max Capacity: 2G
 Pre-touch: Disabled
 Parallel Workers: 8
Heap:
 PSYoungGen      total 3584K, used 1727K [0x00000000d5580000, 0x00000000d5b80000, 0x0000000100000000)
  eden space 3072K, 41% used [0x00000000d5580000,0x00000000d56bfe00,0x00000000d5880000)
  from space 512K, 87% used [0x00000000d5b00000,0x00000000d5b70000,0x00000000d5b80000)
  to   space 512K, 0% used [0x00000000d5a80000,0x00000000d5a80000,0x00000000d5b00000)
 ParOldGen       total 243712K, used 243456K [0x0000000080000000, 0x000000008ee00000, 0x00000000d5580000)
  object space 243712K, 99% used [0x0000000080000000,0x000000008edc00f8,0x000000008ee00000)
 Metaspace       used 76838K, committed 78336K, reserved 1179648K
  class space    used 8286K, committed 8960K, reserved 1048576K
GC Heap History (20 events):
Event: 187.779 GC heap before
{Heap before GC invocations=312 (full 3):
 PSYoungGen      total 2048K, used 2047K [0x00000000d5580000, 0x00000000d5a80000, 0x0000000100000000)
  eden space 1024K, 99% used [0x00000000d5580000,0x00000000d567fff0,0x00000000d5680000)
  from space 1024K, 100% used [0x00000000d5800000,0x00000000d5900000,0x00000000d5900000)
  to   space 1536K, 0% used [0x00000000d5680000,0x00000000d5680000,0x00000000d5800000)
 ParOldGen       total 237568K, used 237093K [0x0000000080000000, 0x000000008e800000, 0x00000000d5580000)
  object space 237568K, 99% used [0x0000000080000000,0x000000008e789638,0x000000008e800000)
 Metaspace       used 75912K, committed 77440K, reserved 1179648K
  class space    used 8156K, committed 8832K, reserved 1048576K
}
Event: 187.783 GC heap after
{Heap after GC invocations=312 (full 3):
 PSYoungGen      total 2560K, used 576K [0x00000000d5580000, 0x00000000d5900000, 0x0000000100000000)
  eden space 1024K, 0% used [0x00000000d5580000,0x00000000d5580000,0x00000000d5680000)
  from space 1536K, 37% used [0x00000000d5680000,0x00000000d5710000,0x00000000d5800000)
  to   space 1024K, 0% used [0x00000000d5800000,0x00000000d5800000,0x00000000d5900000)
 ParOldGen       total 238080K, used 238069K [0x0000000080000000, 0x000000008e880000, 0x00000000d5580000)
  object space 238080K, 99% used [0x0000000080000000,0x000000008e87d638,0x000000008e880000)
 Metaspace       used 75912K, committed 77440K, reserved 1179648K
  class space    used 8156K, committed 8832K, reserved 1048576K
}
Event: 187.795 GC heap before
{Heap before GC invocations=313 (full 3):
 PSYoungGen      total 2560K, used 1600K [0x00000000d5580000, 0x00000000d5900000, 0x0000000100000000)
  eden space 1024K, 100% used [0x00000000d5580000,0x00000000d5680000,0x00000000d5680000)
  from space 1536K, 37% used [0x00000000d5680000,0x00000000d5710000,0x00000000d5800000)
  to   space 1024K, 0% used [0x00000000d5800000,0x00000000d5800000,0x00000000d5900000)
 ParOldGen       total 238080K, used 238069K [0x0000000080000000, 0x000000008e880000, 0x00000000d5580000)
  object space 238080K, 99% used [0x0000000080000000,0x000000008e87d638,0x000000008e880000)
 Metaspace       used 75920K, committed 77440K, reserved 1179648K
  class space    used 8156K, committed 8832K, reserved 1048576K
}
Event: 187.797 GC heap after
{Heap after GC invocations=313 (full 3):
 PSYoungGen      total 2048K, used 384K [0x00000000d5580000, 0x00000000d5880000, 0x0000000100000000)
  eden space 1536K, 0% used [0x00000000d5580000,0x00000000d5580000,0x00000000d5700000)
  from space 512K, 75% used [0x00000000d5800000,0x00000000d5860000,0x00000000d5880000)
  to   space 512K, 0% used [0x00000000d5780000,0x00000000d5780000,0x00000000d5800000)
 ParOldGen       total 238592K, used 238509K [0x0000000080000000, 0x000000008e900000, 0x00000000d5580000)
  object space 238592K, 99% used [0x0000000080000000,0x000000008e8eb638,0x000000008e900000)
 Metaspace       used 75920K, committed 77440K, reserved 1179648K
  class space    used 8156K, committed 8832K, reserved 1048576K
}
Event: 187.809 GC heap before
{Heap before GC invocations=314 (full 3):
 PSYoungGen      total 2048K, used 1919K [0x00000000d5580000, 0x00000000d5880000, 0x0000000100000000)
  eden space 1536K, 99% used [0x00000000d5580000,0x00000000d56ffff0,0x00000000d5700000)
  from space 512K, 75% used [0x00000000d5800000,0x00000000d5860000,0x00000000d5880000)
  to   space 512K, 0% used [0x00000000d5780000,0x00000000d5780000,0x00000000d5800000)
 ParOldGen       total 238592K, used 238509K [0x0000000080000000, 0x000000008e900000, 0x00000000d5580000)
  object space 238592K, 99% used [0x0000000080000000,0x000000008e8eb638,0x000000008e900000)
 Metaspace       used 75941K, committed 77504K, reserved 1179648K
  class space    used 8160K, committed 8832K, reserved 1048576K
}
Event: 187.812 GC heap after
{Heap after GC invocations=314 (full 3):
 PSYoungGen      total 2560K, used 511K [0x00000000d5580000, 0x00000000d5a80000, 0x0000000100000000)
  eden space 2048K, 0% used [0x00000000d5580000,0x00000000d5580000,0x00000000d5780000)
  from space 512K, 99% used [0x00000000d5780000,0x00000000d57ffc48,0x00000000d5800000)
  to   space 1536K, 0% used [0x00000000d5900000,0x00000000d5900000,0x00000000d5a80000)
 ParOldGen       total 239104K, used 239044K [0x0000000080000000, 0x000000008e980000, 0x00000000d5580000)
  object space 239104K, 99% used [0x0000000080000000,0x000000008e971280,0x000000008e980000)
 Metaspace       used 75941K, committed 77504K, reserved 1179648K
  class space    used 8160K, committed 8832K, reserved 1048576K
}
Event: 187.825 GC heap before
{Heap before GC invocations=315 (full 3):
 PSYoungGen      total 2560K, used 2559K [0x00000000d5580000, 0x00000000d5a80000, 0x0000000100000000)
  eden space 2048K, 100% used [0x00000000d5580000,0x00000000d5780000,0x00000000d5780000)
  from space 512K, 99% used [0x00000000d5780000,0x00000000d57ffc48,0x00000000d5800000)
  to   space 1536K, 0% used [0x00000000d5900000,0x00000000d5900000,0x00000000d5a80000)
 ParOldGen       total 239104K, used 239044K [0x0000000080000000, 0x000000008e980000, 0x00000000d5580000)
  object space 239104K, 99% used [0x0000000080000000,0x000000008e971280,0x000000008e980000)
 Metaspace       used 75945K, committed 77504K, reserved 1179648K
  class space    used 8160K, committed 8832K, reserved 1048576K
}
Event: 187.828 GC heap after
{Heap after GC invocations=315 (full 3):
 PSYoungGen      total 3584K, used 864K [0x00000000d5580000, 0x00000000d5a00000, 0x0000000100000000)
  eden space 2560K, 0% used [0x00000000d5580000,0x00000000d5580000,0x00000000d5800000)
  from space 1024K, 84% used [0x00000000d5900000,0x00000000d59d8000,0x00000000d5a00000)
  to   space 1024K, 0% used [0x00000000d5800000,0x00000000d5800000,0x00000000d5900000)
 ParOldGen       total 239616K, used 239587K [0x0000000080000000, 0x000000008ea00000, 0x00000000d5580000)
  object space 239616K, 99% used [0x0000000080000000,0x000000008e9f8ec8,0x000000008ea00000)
 Metaspace       used 75945K, committed 77504K, reserved 1179648K
  class space    used 8160K, committed 8832K, reserved 1048576K
}
Event: 187.839 GC heap before
{Heap before GC invocations=316 (full 3):
 PSYoungGen      total 3584K, used 3424K [0x00000000d5580000, 0x00000000d5a00000, 0x0000000100000000)
  eden space 2560K, 100% used [0x00000000d5580000,0x00000000d5800000,0x00000000d5800000)
  from space 1024K, 84% used [0x00000000d5900000,0x00000000d59d8000,0x00000000d5a00000)
  to   space 1024K, 0% used [0x00000000d5800000,0x00000000d5800000,0x00000000d5900000)
 ParOldGen       total 239616K, used 239587K [0x0000000080000000, 0x000000008ea00000, 0x00000000d5580000)
  object space 239616K, 99% used [0x0000000080000000,0x000000008e9f8ec8,0x000000008ea00000)
 Metaspace       used 75990K, committed 77504K, reserved 1179648K
  class space    used 8166K, committed 8832K, reserved 1048576K
}
Event: 187.845 GC heap after
{Heap after GC invocations=316 (full 3):
 PSYoungGen      total 3584K, used 1024K [0x00000000d5580000, 0x00000000d5e80000, 0x0000000100000000)
  eden space 2560K, 0% used [0x00000000d5580000,0x00000000d5580000,0x00000000d5800000)
  from space 1024K, 100% used [0x00000000d5800000,0x00000000d5900000,0x00000000d5900000)
  to   space 3072K, 0% used [0x00000000d5b80000,0x00000000d5b80000,0x00000000d5e80000)
 ParOldGen       total 241664K, used 241155K [0x0000000080000000, 0x000000008ec00000, 0x00000000d5580000)
  object space 241664K, 99% used [0x0000000080000000,0x000000008eb80ec8,0x000000008ec00000)
 Metaspace       used 75990K, committed 77504K, reserved 1179648K
  class space    used 8166K, committed 8832K, reserved 1048576K
}
Event: 187.879 GC heap before
{Heap before GC invocations=317 (full 3):
 PSYoungGen      total 3584K, used 3584K [0x00000000d5580000, 0x00000000d5e80000, 0x0000000100000000)
  eden space 2560K, 100% used [0x00000000d5580000,0x00000000d5800000,0x00000000d5800000)
  from space 1024K, 100% used [0x00000000d5800000,0x00000000d5900000,0x00000000d5900000)
  to   space 3072K, 0% used [0x00000000d5b80000,0x00000000d5b80000,0x00000000d5e80000)
 ParOldGen       total 241664K, used 241155K [0x0000000080000000, 0x000000008ec00000, 0x00000000d5580000)
  object space 241664K, 99% used [0x0000000080000000,0x000000008eb80ec8,0x000000008ec00000)
 Metaspace       used 76085K, committed 77632K, reserved 1179648K
  class space    used 8177K, committed 8832K, reserved 1048576K
}
Event: 187.883 GC heap after
{Heap after GC invocations=317 (full 3):
 PSYoungGen      total 4096K, used 768K [0x00000000d5580000, 0x00000000d5c80000, 0x0000000100000000)
  eden space 3072K, 0% used [0x00000000d5580000,0x00000000d5580000,0x00000000d5880000)
  from space 1024K, 75% used [0x00000000d5b80000,0x00000000d5c40000,0x00000000d5c80000)
  to   space 1536K, 0% used [0x00000000d5980000,0x00000000d5980000,0x00000000d5b00000)
 ParOldGen       total 242688K, used 242179K [0x0000000080000000, 0x000000008ed00000, 0x00000000d5580000)
  object space 242688K, 99% used [0x0000000080000000,0x000000008ec80ec8,0x000000008ed00000)
 Metaspace       used 76085K, committed 77632K, reserved 1179648K
  class space    used 8177K, committed 8832K, reserved 1048576K
}
Event: 188.092 GC heap before
{Heap before GC invocations=318 (full 3):
 PSYoungGen      total 4096K, used 3836K [0x00000000d5580000, 0x00000000d5c80000, 0x0000000100000000)
  eden space 3072K, 99% used [0x00000000d5580000,0x00000000d587f080,0x00000000d5880000)
  from space 1024K, 75% used [0x00000000d5b80000,0x00000000d5c40000,0x00000000d5c80000)
  to   space 1536K, 0% used [0x00000000d5980000,0x00000000d5980000,0x00000000d5b00000)
 ParOldGen       total 242688K, used 242179K [0x0000000080000000, 0x000000008ed00000, 0x00000000d5580000)
  object space 242688K, 99% used [0x0000000080000000,0x000000008ec80ec8,0x000000008ed00000)
 Metaspace       used 76419K, committed 77952K, reserved 1179648K
  class space    used 8238K, committed 8896K, reserved 1048576K
}
Event: 188.094 GC heap after
{Heap after GC invocations=318 (full 3):
 PSYoungGen      total 4608K, used 256K [0x00000000d5580000, 0x00000000d5c00000, 0x0000000100000000)
  eden space 3072K, 0% used [0x00000000d5580000,0x00000000d5580000,0x00000000d5880000)
  from space 1536K, 16% used [0x00000000d5980000,0x00000000d59c0000,0x00000000d5b00000)
  to   space 1024K, 0% used [0x00000000d5b00000,0x00000000d5b00000,0x00000000d5c00000)
 ParOldGen       total 243200K, used 242811K [0x0000000080000000, 0x000000008ed80000, 0x00000000d5580000)
  object space 243200K, 99% used [0x0000000080000000,0x000000008ed1eee8,0x000000008ed80000)
 Metaspace       used 76419K, committed 77952K, reserved 1179648K
  class space    used 8238K, committed 8896K, reserved 1048576K
}
Event: 188.121 GC heap before
{Heap before GC invocations=319 (full 3):
 PSYoungGen      total 4608K, used 3328K [0x00000000d5580000, 0x00000000d5c00000, 0x0000000100000000)
  eden space 3072K, 100% used [0x00000000d5580000,0x00000000d5880000,0x00000000d5880000)
  from space 1536K, 16% used [0x00000000d5980000,0x00000000d59c0000,0x00000000d5b00000)
  to   space 1024K, 0% used [0x00000000d5b00000,0x00000000d5b00000,0x00000000d5c00000)
 ParOldGen       total 243200K, used 242811K [0x0000000080000000, 0x000000008ed80000, 0x00000000d5580000)
  object space 243200K, 99% used [0x0000000080000000,0x000000008ed1eee8,0x000000008ed80000)
 Metaspace       used 76683K, committed 78272K, reserved 1179648K
  class space    used 8276K, committed 8960K, reserved 1048576K
}
Event: 188.123 GC heap after
{Heap after GC invocations=319 (full 3):
 PSYoungGen      total 3584K, used 250K [0x00000000d5580000, 0x00000000d5b80000, 0x0000000100000000)
  eden space 3072K, 0% used [0x00000000d5580000,0x00000000d5580000,0x00000000d5880000)
  from space 512K, 48% used [0x00000000d5b00000,0x00000000d5b3e900,0x00000000d5b80000)
  to   space 512K, 0% used [0x00000000d5a80000,0x00000000d5a80000,0x00000000d5b00000)
 ParOldGen       total 243200K, used 242899K [0x0000000080000000, 0x000000008ed80000, 0x00000000d5580000)
  object space 243200K, 99% used [0x0000000080000000,0x000000008ed34ee8,0x000000008ed80000)
 Metaspace       used 76683K, committed 78272K, reserved 1179648K
  class space    used 8276K, committed 8960K, reserved 1048576K
}
Event: 188.134 GC heap before
{Heap before GC invocations=320 (full 3):
 PSYoungGen      total 3584K, used 3322K [0x00000000d5580000, 0x00000000d5b80000, 0x0000000100000000)
  eden space 3072K, 100% used [0x00000000d5580000,0x00000000d5880000,0x00000000d5880000)
  from space 512K, 48% used [0x00000000d5b00000,0x00000000d5b3e900,0x00000000d5b80000)
  to   space 512K, 0% used [0x00000000d5a80000,0x00000000d5a80000,0x00000000d5b00000)
 ParOldGen       total 243200K, used 242899K [0x0000000080000000, 0x000000008ed80000, 0x00000000d5580000)
  object space 243200K, 99% used [0x0000000080000000,0x000000008ed34ee8,0x000000008ed80000)
 Metaspace       used 76689K, committed 78272K, reserved 1179648K
  class space    used 8277K, committed 8960K, reserved 1048576K
}
Event: 188.135 GC heap after
{Heap after GC invocations=320 (full 3):
 PSYoungGen      total 3584K, used 512K [0x00000000d5580000, 0x00000000d5b80000, 0x0000000100000000)
  eden space 3072K, 0% used [0x00000000d5580000,0x00000000d5580000,0x00000000d5880000)
  from space 512K, 100% used [0x00000000d5a80000,0x00000000d5b00000,0x00000000d5b00000)
  to   space 512K, 0% used [0x00000000d5b00000,0x00000000d5b00000,0x00000000d5b80000)
 ParOldGen       total 243200K, used 243048K [0x0000000080000000, 0x000000008ed80000, 0x00000000d5580000)
  object space 243200K, 99% used [0x0000000080000000,0x000000008ed5a0e8,0x000000008ed80000)
 Metaspace       used 76689K, committed 78272K, reserved 1179648K
  class space    used 8277K, committed 8960K, reserved 1048576K
}
Event: 188.164 GC heap before
{Heap before GC invocations=321 (full 3):
 PSYoungGen      total 3584K, used 3584K [0x00000000d5580000, 0x00000000d5b80000, 0x0000000100000000)
  eden space 3072K, 100% used [0x00000000d5580000,0x00000000d5880000,0x00000000d5880000)
  from space 512K, 100% used [0x00000000d5a80000,0x00000000d5b00000,0x00000000d5b00000)
  to   space 512K, 0% used [0x00000000d5b00000,0x00000000d5b00000,0x00000000d5b80000)
 ParOldGen       total 243200K, used 243048K [0x0000000080000000, 0x000000008ed80000, 0x00000000d5580000)
  object space 243200K, 99% used [0x0000000080000000,0x000000008ed5a0e8,0x000000008ed80000)
 Metaspace       used 76705K, committed 78272K, reserved 1179648K
  class space    used 8277K, committed 8960K, reserved 1048576K
}
Event: 188.165 GC heap after
{Heap after GC invocations=321 (full 3):
 PSYoungGen      total 3584K, used 448K [0x00000000d5580000, 0x00000000d5b80000, 0x0000000100000000)
  eden space 3072K, 0% used [0x00000000d5580000,0x00000000d5580000,0x00000000d5880000)
  from space 512K, 87% used [0x00000000d5b00000,0x00000000d5b70000,0x00000000d5b80000)
  to   space 512K, 0% used [0x00000000d5a80000,0x00000000d5a80000,0x00000000d5b00000)
 ParOldGen       total 243712K, used 243456K [0x0000000080000000, 0x000000008ee00000, 0x00000000d5580000)
  object space 243712K, 99% used [0x0000000080000000,0x000000008edc00f8,0x000000008ee00000)
 Metaspace       used 76705K, committed 78272K, reserved 1179648K
  class space    used 8277K, committed 8960K, reserved 1048576K
}

