# JRE version: Java(TM) SE Runtime Environment (17.0.9+11) (build 17.0.9+11-LTS-201)
# Java VM: Java HotSpot(TM) 64-Bit Server VM (17.0.9+11-LTS-201, mixed mode, sharing, tiered, compressed oops, compressed class ptrs, g1 gc, windows-amd64)
GC Precious Log:
 CPUs: 8 total, 8 available
 Memory: 16026M
 Large Page Support: Disabled
 NUMA Support: Disabled
 Compressed Oops: Enabled (Zero based)
 Heap Region Size: 2M
 Heap Min Capacity: 8M
 Heap Initial Capacity: 252M
 Heap Max Capacity: 4008M
 Pre-touch: Disabled
 Parallel Workers: 8
 Concurrent Workers: 2
 Concurrent Refinement Workers: 8
 Periodic GC: Disabled
Heap:
 garbage-first heap   total 75776K, used 51224K [0x0000000705800000, 0x0000000800000000)
  region size 2048K, 8 young (16384K), 1 survivors (2048K)
 Metaspace       used 77278K, committed 77888K, reserved 1179648K
  class space    used 10527K, committed 10816K, reserved 1048576K
GC Heap History (20 events):
Event: 13.526 GC heap before
{Heap before GC invocations=11 (full 0):
 garbage-first heap   total 75776K, used 54373K [0x0000000705800000, 0x0000000800000000)
  region size 2048K, 15 young (30720K), 2 survivors (4096K)
 Metaspace       used 55387K, committed 55872K, reserved 1114112K
  class space    used 7523K, committed 7744K, reserved 1048576K
}
Event: 13.531 GC heap after
{Heap after GC invocations=12 (full 0):
 garbage-first heap   total 75776K, used 28997K [0x0000000705800000, 0x0000000800000000)
  region size 2048K, 2 young (4096K), 2 survivors (4096K)
 Metaspace       used 55387K, committed 55872K, reserved 1114112K
  class space    used 7523K, committed 7744K, reserved 1048576K
}
Event: 14.090 GC heap before
{Heap before GC invocations=12 (full 0):
 garbage-first heap   total 75776K, used 49477K [0x0000000705800000, 0x0000000800000000)
  region size 2048K, 13 young (26624K), 2 survivors (4096K)
 Metaspace       used 59906K, committed 60416K, reserved 1114112K
  class space    used 8155K, committed 8448K, reserved 1048576K
}
Event: 14.097 GC heap after
{Heap after GC invocations=13 (full 0):
 garbage-first heap   total 75776K, used 30412K [0x0000000705800000, 0x0000000800000000)
  region size 2048K, 2 young (4096K), 2 survivors (4096K)
 Metaspace       used 59906K, committed 60416K, reserved 1114112K
  class space    used 8155K, committed 8448K, reserved 1048576K
}
Event: 14.939 GC heap before
{Heap before GC invocations=14 (full 0):
 garbage-first heap   total 75776K, used 57036K [0x0000000705800000, 0x0000000800000000)
  region size 2048K, 15 young (30720K), 2 survivors (4096K)
 Metaspace       used 62115K, committed 62656K, reserved 1114112K
  class space    used 8493K, committed 8768K, reserved 1048576K
}
Event: 14.945 GC heap after
{Heap after GC invocations=15 (full 0):
 garbage-first heap   total 75776K, used 32427K [0x0000000705800000, 0x0000000800000000)
  region size 2048K, 2 young (4096K), 2 survivors (4096K)
 Metaspace       used 62115K, committed 62656K, reserved 1114112K
  class space    used 8493K, committed 8768K, reserved 1048576K
}
Event: 15.582 GC heap before
{Heap before GC invocations=15 (full 0):
 garbage-first heap   total 75776K, used 59051K [0x0000000705800000, 0x0000000800000000)
  region size 2048K, 15 young (30720K), 2 survivors (4096K)
 Metaspace       used 63920K, committed 64448K, reserved 1114112K
  class space    used 8725K, committed 8960K, reserved 1048576K
}
Event: 15.590 GC heap after
{Heap after GC invocations=16 (full 0):
 garbage-first heap   total 75776K, used 34585K [0x0000000705800000, 0x0000000800000000)
  region size 2048K, 2 young (4096K), 2 survivors (4096K)
 Metaspace       used 63920K, committed 64448K, reserved 1114112K
  class space    used 8725K, committed 8960K, reserved 1048576K
}
Event: 17.614 GC heap before
{Heap before GC invocations=16 (full 0):
 garbage-first heap   total 75776K, used 57113K [0x0000000705800000, 0x0000000800000000)
  region size 2048K, 13 young (26624K), 2 survivors (4096K)
 Metaspace       used 64765K, committed 65280K, reserved 1114112K
  class space    used 8859K, committed 9088K, reserved 1048576K
}
Event: 17.619 GC heap after
{Heap after GC invocations=17 (full 0):
 garbage-first heap   total 75776K, used 35930K [0x0000000705800000, 0x0000000800000000)
  region size 2048K, 1 young (2048K), 1 survivors (2048K)
 Metaspace       used 64765K, committed 65280K, reserved 1114112K
  class space    used 8859K, committed 9088K, reserved 1048576K
}
Event: 19.342 GC heap before
{Heap before GC invocations=18 (full 0):
 garbage-first heap   total 75776K, used 58458K [0x0000000705800000, 0x0000000800000000)
  region size 2048K, 12 young (24576K), 1 survivors (2048K)
 Metaspace       used 65908K, committed 66432K, reserved 1114112K
  class space    used 9033K, committed 9280K, reserved 1048576K
}
Event: 19.346 GC heap after
{Heap after GC invocations=19 (full 0):
 garbage-first heap   total 75776K, used 37530K [0x0000000705800000, 0x0000000800000000)
  region size 2048K, 2 young (4096K), 2 survivors (4096K)
 Metaspace       used 65908K, committed 66432K, reserved 1114112K
  class space    used 9033K, committed 9280K, reserved 1048576K
}
Event: 19.389 GC heap before
{Heap before GC invocations=19 (full 0):
 garbage-first heap   total 75776K, used 39578K [0x0000000705800000, 0x0000000800000000)
  region size 2048K, 3 young (6144K), 2 survivors (4096K)
 Metaspace       used 66226K, committed 66752K, reserved 1114112K
  class space    used 9076K, committed 9344K, reserved 1048576K
}
Event: 19.395 GC heap after
{Heap after GC invocations=20 (full 0):
 garbage-first heap   total 75776K, used 37983K [0x0000000705800000, 0x0000000800000000)
  region size 2048K, 1 young (2048K), 1 survivors (2048K)
 Metaspace       used 66226K, committed 66752K, reserved 1114112K
  class space    used 9076K, committed 9344K, reserved 1048576K
}
Event: 20.026 GC heap before
{Heap before GC invocations=20 (full 0):
 garbage-first heap   total 75776K, used 58463K [0x0000000705800000, 0x0000000800000000)
  region size 2048K, 11 young (22528K), 1 survivors (2048K)
 Metaspace       used 69369K, committed 69888K, reserved 1114112K
  class space    used 9487K, committed 9728K, reserved 1048576K
}
Event: 20.031 GC heap after
{Heap after GC invocations=21 (full 0):
 garbage-first heap   total 75776K, used 40526K [0x0000000705800000, 0x0000000800000000)
  region size 2048K, 2 young (4096K), 2 survivors (4096K)
 Metaspace       used 69369K, committed 69888K, reserved 1114112K
  class space    used 9487K, committed 9728K, reserved 1048576K
}
Event: 20.699 GC heap before
{Heap before GC invocations=22 (full 0):
 garbage-first heap   total 75776K, used 58958K [0x0000000705800000, 0x0000000800000000)
  region size 2048K, 11 young (22528K), 2 survivors (4096K)
 Metaspace       used 73359K, committed 73920K, reserved 1114112K
  class space    used 10051K, committed 10304K, reserved 1048576K
}
Event: 20.704 GC heap after
{Heap after GC invocations=23 (full 0):
 garbage-first heap   total 75776K, used 41906K [0x0000000705800000, 0x0000000800000000)
  region size 2048K, 1 young (2048K), 1 survivors (2048K)
 Metaspace       used 73359K, committed 73920K, reserved 1114112K
  class space    used 10051K, committed 10304K, reserved 1048576K
}
Event: 22.213 GC heap before
{Heap before GC invocations=23 (full 0):
 garbage-first heap   total 75776K, used 43954K [0x0000000705800000, 0x0000000800000000)
  region size 2048K, 2 young (4096K), 1 survivors (2048K)
 Metaspace       used 74390K, committed 74944K, reserved 1114112K
  class space    used 10164K, committed 10432K, reserved 1048576K
}
Event: 22.218 GC heap after
{Heap after GC invocations=24 (full 0):
 garbage-first heap   total 75776K, used 40984K [0x0000000705800000, 0x0000000800000000)
  region size 2048K, 1 young (2048K), 1 survivors (2048K)
 Metaspace       used 74390K, committed 74944K, reserved 1114112K
  class space    used 10164K, committed 10432K, reserved 1048576K
}

