# JRE version: OpenJDK Runtime Environment Temurin-21.0.8+9 (21.0.8+9) (build 21.0.8+9-LTS)
# Java VM: OpenJDK 64-Bit Server VM Temurin-21.0.8+9 (21.0.8+9-LTS, mixed mode, sharing, tiered, compressed oops, compressed class ptrs, parallel gc, windows-amd64)
GC Precious Log:
 CardTable entry size: 512
 CPUs: 8 total, 8 available
 Memory: 16026M
 Large Page Support: Disabled
 NUMA Support: Disabled
 Compressed Oops: Enabled (32-bit)
 Alignments: Space 512K, Generation 512K, Heap 2M
 Heap Min Capacity: 100M
 Heap Initial Capacity: 100M
 Heap Max Capacity: 2G
 Pre-touch: Disabled
 Parallel Workers: 8
Heap:
 PSYoungGen      total 5120K, used 4727K [0x00000000d5580000, 0x00000000d5d00000, 0x0000000100000000)
  eden space 2560K, 92% used [0x00000000d5580000,0x00000000d57cf328,0x00000000d5800000)
  from space 2560K, 92% used [0x00000000d5a80000,0x00000000d5ccea50,0x00000000d5d00000)
  to   space 2560K, 0% used [0x00000000d5800000,0x00000000d5800000,0x00000000d5a80000)
 ParOldGen       total 934400K, used 934287K [0x0000000080000000, 0x00000000b9080000, 0x00000000d5580000)
  object space 934400K, 99% used [0x0000000080000000,0x00000000b9063c00,0x00000000b9080000)
 Metaspace       used 74959K, committed 76608K, reserved 1179648K
  class space    used 7940K, committed 8640K, reserved 1048576K
GC Heap History (20 events):
Event: 88.194 GC heap before
{Heap before GC invocations=1786 (full 3):
 PSYoungGen      total 5632K, used 5412K [0x00000000d5580000, 0x00000000d5d80000, 0x0000000100000000)
  eden space 4096K, 100% used [0x00000000d5580000,0x00000000d5980000,0x00000000d5980000)
  from space 1536K, 85% used [0x00000000d5c00000,0x00000000d5d49008,0x00000000d5d80000)
  to   space 1536K, 0% used [0x00000000d5a80000,0x00000000d5a80000,0x00000000d5c00000)
 ParOldGen       total 919552K, used 919290K [0x0000000080000000, 0x00000000b8200000, 0x00000000d5580000)
  object space 919552K, 99% used [0x0000000080000000,0x00000000b81beaa8,0x00000000b8200000)
 Metaspace       used 74874K, committed 76480K, reserved 1179648K
  class space    used 7933K, committed 8640K, reserved 1048576K
}
Event: 88.200 GC heap after
{Heap after GC invocations=1786 (full 3):
 PSYoungGen      total 5632K, used 1344K [0x00000000d5580000, 0x00000000d5c80000, 0x0000000100000000)
  eden space 4096K, 0% used [0x00000000d5580000,0x00000000d5580000,0x00000000d5980000)
  from space 1536K, 87% used [0x00000000d5a80000,0x00000000d5bd0000,0x00000000d5c00000)
  to   space 512K, 0% used [0x00000000d5c00000,0x00000000d5c00000,0x00000000d5c80000)
 ParOldGen       total 920576K, used 920495K [0x0000000080000000, 0x00000000b8300000, 0x00000000d5580000)
  object space 920576K, 99% used [0x0000000080000000,0x00000000b82ebf20,0x00000000b8300000)
 Metaspace       used 74874K, committed 76480K, reserved 1179648K
  class space    used 7933K, committed 8640K, reserved 1048576K
}
Event: 88.299 GC heap before
{Heap before GC invocations=1787 (full 3):
 PSYoungGen      total 5632K, used 5440K [0x00000000d5580000, 0x00000000d5c80000, 0x0000000100000000)
  eden space 4096K, 100% used [0x00000000d5580000,0x00000000d5980000,0x00000000d5980000)
  from space 1536K, 87% used [0x00000000d5a80000,0x00000000d5bd0000,0x00000000d5c00000)
  to   space 512K, 0% used [0x00000000d5c00000,0x00000000d5c00000,0x00000000d5c80000)
 ParOldGen       total 920576K, used 920495K [0x0000000080000000, 0x00000000b8300000, 0x00000000d5580000)
  object space 920576K, 99% used [0x0000000080000000,0x00000000b82ebf20,0x00000000b8300000)
 Metaspace       used 74874K, committed 76480K, reserved 1179648K
  class space    used 7933K, committed 8640K, reserved 1048576K
}
Event: 88.307 GC heap after
{Heap after GC invocations=1787 (full 3):
 PSYoungGen      total 4608K, used 512K [0x00000000d5580000, 0x00000000d5e80000, 0x0000000100000000)
  eden space 4096K, 0% used [0x00000000d5580000,0x00000000d5580000,0x00000000d5980000)
  from space 512K, 100% used [0x00000000d5c00000,0x00000000d5c80000,0x00000000d5c80000)
  to   space 2560K, 0% used [0x00000000d5980000,0x00000000d5980000,0x00000000d5c00000)
 ParOldGen       total 922624K, used 922192K [0x0000000080000000, 0x00000000b8500000, 0x00000000d5580000)
  object space 922624K, 99% used [0x0000000080000000,0x00000000b8494370,0x00000000b8500000)
 Metaspace       used 74874K, committed 76480K, reserved 1179648K
  class space    used 7933K, committed 8640K, reserved 1048576K
}
Event: 88.349 GC heap before
{Heap before GC invocations=1788 (full 3):
 PSYoungGen      total 4608K, used 4608K [0x00000000d5580000, 0x00000000d5e80000, 0x0000000100000000)
  eden space 4096K, 100% used [0x00000000d5580000,0x00000000d5980000,0x00000000d5980000)
  from space 512K, 100% used [0x00000000d5c00000,0x00000000d5c80000,0x00000000d5c80000)
  to   space 2560K, 0% used [0x00000000d5980000,0x00000000d5980000,0x00000000d5c00000)
 ParOldGen       total 922624K, used 922192K [0x0000000080000000, 0x00000000b8500000, 0x00000000d5580000)
  object space 922624K, 99% used [0x0000000080000000,0x00000000b8494370,0x00000000b8500000)
 Metaspace       used 74874K, committed 76480K, reserved 1179648K
  class space    used 7933K, committed 8640K, reserved 1048576K
}
Event: 88.355 GC heap after
{Heap after GC invocations=1788 (full 3):
 PSYoungGen      total 6144K, used 1670K [0x00000000d5580000, 0x00000000d5d80000, 0x0000000100000000)
  eden space 4096K, 0% used [0x00000000d5580000,0x00000000d5580000,0x00000000d5980000)
  from space 2048K, 81% used [0x00000000d5980000,0x00000000d5b21be8,0x00000000d5b80000)
  to   space 2048K, 0% used [0x00000000d5b80000,0x00000000d5b80000,0x00000000d5d80000)
 ParOldGen       total 922624K, used 922623K [0x0000000080000000, 0x00000000b8500000, 0x00000000d5580000)
  object space 922624K, 99% used [0x0000000080000000,0x00000000b84ffec0,0x00000000b8500000)
 Metaspace       used 74874K, committed 76480K, reserved 1179648K
  class space    used 7933K, committed 8640K, reserved 1048576K
}
Event: 88.448 GC heap before
{Heap before GC invocations=1789 (full 3):
 PSYoungGen      total 6144K, used 5766K [0x00000000d5580000, 0x00000000d5d80000, 0x0000000100000000)
  eden space 4096K, 99% used [0x00000000d5580000,0x00000000d597fff0,0x00000000d5980000)
  from space 2048K, 81% used [0x00000000d5980000,0x00000000d5b21be8,0x00000000d5b80000)
  to   space 2048K, 0% used [0x00000000d5b80000,0x00000000d5b80000,0x00000000d5d80000)
 ParOldGen       total 922624K, used 922623K [0x0000000080000000, 0x00000000b8500000, 0x00000000d5580000)
  object space 922624K, 99% used [0x0000000080000000,0x00000000b84ffec0,0x00000000b8500000)
 Metaspace       used 74874K, committed 76480K, reserved 1179648K
  class space    used 7933K, committed 8640K, reserved 1048576K
}
Event: 88.453 GC heap after
{Heap after GC invocations=1789 (full 3):
 PSYoungGen      total 5632K, used 1216K [0x00000000d5580000, 0x00000000d5d00000, 0x0000000100000000)
  eden space 4096K, 0% used [0x00000000d5580000,0x00000000d5580000,0x00000000d5980000)
  from space 1536K, 79% used [0x00000000d5b80000,0x00000000d5cb0000,0x00000000d5d00000)
  to   space 1536K, 0% used [0x00000000d5a00000,0x00000000d5a00000,0x00000000d5b80000)
 ParOldGen       total 924160K, used 924114K [0x0000000080000000, 0x00000000b8680000, 0x00000000d5580000)
  object space 924160K, 99% used [0x0000000080000000,0x00000000b8674a00,0x00000000b8680000)
 Metaspace       used 74874K, committed 76480K, reserved 1179648K
  class space    used 7933K, committed 8640K, reserved 1048576K
}
Event: 88.532 GC heap before
{Heap before GC invocations=1790 (full 3):
 PSYoungGen      total 5632K, used 5312K [0x00000000d5580000, 0x00000000d5d00000, 0x0000000100000000)
  eden space 4096K, 100% used [0x00000000d5580000,0x00000000d5980000,0x00000000d5980000)
  from space 1536K, 79% used [0x00000000d5b80000,0x00000000d5cb0000,0x00000000d5d00000)
  to   space 1536K, 0% used [0x00000000d5a00000,0x00000000d5a00000,0x00000000d5b80000)
 ParOldGen       total 924160K, used 924114K [0x0000000080000000, 0x00000000b8680000, 0x00000000d5580000)
  object space 924160K, 99% used [0x0000000080000000,0x00000000b8674a00,0x00000000b8680000)
 Metaspace       used 74874K, committed 76480K, reserved 1179648K
  class space    used 7933K, committed 8640K, reserved 1048576K
}
Event: 88.538 GC heap after
{Heap after GC invocations=1790 (full 3):
 PSYoungGen      total 5632K, used 1234K [0x00000000d5580000, 0x00000000d5c80000, 0x0000000100000000)
  eden space 4096K, 0% used [0x00000000d5580000,0x00000000d5580000,0x00000000d5980000)
  from space 1536K, 80% used [0x00000000d5a00000,0x00000000d5b34808,0x00000000d5b80000)
  to   space 1024K, 0% used [0x00000000d5b80000,0x00000000d5b80000,0x00000000d5c80000)
 ParOldGen       total 925696K, used 925222K [0x0000000080000000, 0x00000000b8800000, 0x00000000d5580000)
  object space 925696K, 99% used [0x0000000080000000,0x00000000b8789a30,0x00000000b8800000)
 Metaspace       used 74874K, committed 76480K, reserved 1179648K
  class space    used 7933K, committed 8640K, reserved 1048576K
}
Event: 88.601 GC heap before
{Heap before GC invocations=1791 (full 3):
 PSYoungGen      total 5632K, used 5330K [0x00000000d5580000, 0x00000000d5c80000, 0x0000000100000000)
  eden space 4096K, 100% used [0x00000000d5580000,0x00000000d5980000,0x00000000d5980000)
  from space 1536K, 80% used [0x00000000d5a00000,0x00000000d5b34808,0x00000000d5b80000)
  to   space 1024K, 0% used [0x00000000d5b80000,0x00000000d5b80000,0x00000000d5c80000)
 ParOldGen       total 925696K, used 925222K [0x0000000080000000, 0x00000000b8800000, 0x00000000d5580000)
  object space 925696K, 99% used [0x0000000080000000,0x00000000b8789a30,0x00000000b8800000)
 Metaspace       used 74883K, committed 76480K, reserved 1179648K
  class space    used 7933K, committed 8640K, reserved 1048576K
}
Event: 88.606 GC heap after
{Heap after GC invocations=1791 (full 3):
 PSYoungGen      total 3584K, used 1005K [0x00000000d5580000, 0x00000000d6080000, 0x0000000100000000)
  eden space 2560K, 0% used [0x00000000d5580000,0x00000000d5580000,0x00000000d5800000)
  from space 1024K, 98% used [0x00000000d5b80000,0x00000000d5c7b690,0x00000000d5c80000)
  to   space 3584K, 0% used [0x00000000d5800000,0x00000000d5800000,0x00000000d5b80000)
 ParOldGen       total 927232K, used 927155K [0x0000000080000000, 0x00000000b8980000, 0x00000000d5580000)
  object space 927232K, 99% used [0x0000000080000000,0x00000000b896cee8,0x00000000b8980000)
 Metaspace       used 74883K, committed 76480K, reserved 1179648K
  class space    used 7933K, committed 8640K, reserved 1048576K
}
Event: 88.642 GC heap before
{Heap before GC invocations=1792 (full 3):
 PSYoungGen      total 3584K, used 3565K [0x00000000d5580000, 0x00000000d6080000, 0x0000000100000000)
  eden space 2560K, 100% used [0x00000000d5580000,0x00000000d5800000,0x00000000d5800000)
  from space 1024K, 98% used [0x00000000d5b80000,0x00000000d5c7b690,0x00000000d5c80000)
  to   space 3584K, 0% used [0x00000000d5800000,0x00000000d5800000,0x00000000d5b80000)
 ParOldGen       total 927232K, used 927155K [0x0000000080000000, 0x00000000b8980000, 0x00000000d5580000)
  object space 927232K, 99% used [0x0000000080000000,0x00000000b896cee8,0x00000000b8980000)
 Metaspace       used 74912K, committed 76608K, reserved 1179648K
  class space    used 7937K, committed 8640K, reserved 1048576K
}
Event: 88.647 GC heap after
{Heap after GC invocations=1792 (full 3):
 PSYoungGen      total 5120K, used 2083K [0x00000000d5580000, 0x00000000d5d00000, 0x0000000100000000)
  eden space 2560K, 0% used [0x00000000d5580000,0x00000000d5580000,0x00000000d5800000)
  from space 2560K, 81% used [0x00000000d5800000,0x00000000d5a08df8,0x00000000d5a80000)
  to   space 2560K, 0% used [0x00000000d5a80000,0x00000000d5a80000,0x00000000d5d00000)
 ParOldGen       total 928256K, used 928162K [0x0000000080000000, 0x00000000b8a80000, 0x00000000d5580000)
  object space 928256K, 99% used [0x0000000080000000,0x00000000b8a68920,0x00000000b8a80000)
 Metaspace       used 74912K, committed 76608K, reserved 1179648K
  class space    used 7937K, committed 8640K, reserved 1048576K
}
Event: 88.687 GC heap before
{Heap before GC invocations=1793 (full 3):
 PSYoungGen      total 5120K, used 4643K [0x00000000d5580000, 0x00000000d5d00000, 0x0000000100000000)
  eden space 2560K, 100% used [0x00000000d5580000,0x00000000d5800000,0x00000000d5800000)
  from space 2560K, 81% used [0x00000000d5800000,0x00000000d5a08df8,0x00000000d5a80000)
  to   space 2560K, 0% used [0x00000000d5a80000,0x00000000d5a80000,0x00000000d5d00000)
 ParOldGen       total 928256K, used 928162K [0x0000000080000000, 0x00000000b8a80000, 0x00000000d5580000)
  object space 928256K, 99% used [0x0000000080000000,0x00000000b8a68920,0x00000000b8a80000)
 Metaspace       used 74944K, committed 76608K, reserved 1179648K
  class space    used 7940K, committed 8640K, reserved 1048576K
}
Event: 88.691 GC heap after
{Heap after GC invocations=1793 (full 3):
 PSYoungGen      total 5120K, used 2016K [0x00000000d5580000, 0x00000000d5d00000, 0x0000000100000000)
  eden space 2560K, 0% used [0x00000000d5580000,0x00000000d5580000,0x00000000d5800000)
  from space 2560K, 78% used [0x00000000d5a80000,0x00000000d5c78000,0x00000000d5d00000)
  to   space 2560K, 0% used [0x00000000d5800000,0x00000000d5800000,0x00000000d5a80000)
 ParOldGen       total 930304K, used 930146K [0x0000000080000000, 0x00000000b8c80000, 0x00000000d5580000)
  object space 930304K, 99% used [0x0000000080000000,0x00000000b8c58ac0,0x00000000b8c80000)
 Metaspace       used 74944K, committed 76608K, reserved 1179648K
  class space    used 7940K, committed 8640K, reserved 1048576K
}
Event: 88.739 GC heap before
{Heap before GC invocations=1794 (full 3):
 PSYoungGen      total 5120K, used 4576K [0x00000000d5580000, 0x00000000d5d00000, 0x0000000100000000)
  eden space 2560K, 100% used [0x00000000d5580000,0x00000000d5800000,0x00000000d5800000)
  from space 2560K, 78% used [0x00000000d5a80000,0x00000000d5c78000,0x00000000d5d00000)
  to   space 2560K, 0% used [0x00000000d5800000,0x00000000d5800000,0x00000000d5a80000)
 ParOldGen       total 930304K, used 930146K [0x0000000080000000, 0x00000000b8c80000, 0x00000000d5580000)
  object space 930304K, 99% used [0x0000000080000000,0x00000000b8c58ac0,0x00000000b8c80000)
 Metaspace       used 74945K, committed 76608K, reserved 1179648K
  class space    used 7940K, committed 8640K, reserved 1048576K
}
Event: 88.744 GC heap after
{Heap after GC invocations=1794 (full 3):
 PSYoungGen      total 5120K, used 2336K [0x00000000d5580000, 0x00000000d5d00000, 0x0000000100000000)
  eden space 2560K, 0% used [0x00000000d5580000,0x00000000d5580000,0x00000000d5800000)
  from space 2560K, 91% used [0x00000000d5800000,0x00000000d5a48000,0x00000000d5a80000)
  to   space 2560K, 0% used [0x00000000d5a80000,0x00000000d5a80000,0x00000000d5d00000)
 ParOldGen       total 932352K, used 932061K [0x0000000080000000, 0x00000000b8e80000, 0x00000000d5580000)
  object space 932352K, 99% used [0x0000000080000000,0x00000000b8e37610,0x00000000b8e80000)
 Metaspace       used 74945K, committed 76608K, reserved 1179648K
  class space    used 7940K, committed 8640K, reserved 1048576K
}
Event: 88.792 GC heap before
{Heap before GC invocations=1795 (full 3):
 PSYoungGen      total 5120K, used 4896K [0x00000000d5580000, 0x00000000d5d00000, 0x0000000100000000)
  eden space 2560K, 100% used [0x00000000d5580000,0x00000000d5800000,0x00000000d5800000)
  from space 2560K, 91% used [0x00000000d5800000,0x00000000d5a48000,0x00000000d5a80000)
  to   space 2560K, 0% used [0x00000000d5a80000,0x00000000d5a80000,0x00000000d5d00000)
 ParOldGen       total 932352K, used 932061K [0x0000000080000000, 0x00000000b8e80000, 0x00000000d5580000)
  object space 932352K, 99% used [0x0000000080000000,0x00000000b8e37610,0x00000000b8e80000)
 Metaspace       used 74945K, committed 76608K, reserved 1179648K
  class space    used 7940K, committed 8640K, reserved 1048576K
}
Event: 88.797 GC heap after
{Heap after GC invocations=1795 (full 3):
 PSYoungGen      total 5120K, used 2362K [0x00000000d5580000, 0x00000000d5d00000, 0x0000000100000000)
  eden space 2560K, 0% used [0x00000000d5580000,0x00000000d5580000,0x00000000d5800000)
  from space 2560K, 92% used [0x00000000d5a80000,0x00000000d5ccea50,0x00000000d5d00000)
  to   space 2560K, 0% used [0x00000000d5800000,0x00000000d5800000,0x00000000d5a80000)
 ParOldGen       total 934400K, used 934287K [0x0000000080000000, 0x00000000b9080000, 0x00000000d5580000)
  object space 934400K, 99% used [0x0000000080000000,0x00000000b9063c00,0x00000000b9080000)
 Metaspace       used 74945K, committed 76608K, reserved 1179648K
  class space    used 7940K, committed 8640K, reserved 1048576K
}

