# JRE version: Java(TM) SE Runtime Environment (17.0.9+11) (build 17.0.9+11-LTS-201)
# Java VM: Java HotSpot(TM) 64-Bit Server VM (17.0.9+11-LTS-201, mixed mode, sharing, tiered, compressed oops, compressed class ptrs, g1 gc, windows-amd64)
GC Precious Log:
 CPUs: 8 total, 8 available
 Memory: 16026M
 Large Page Support: Disabled
 NUMA Support: Disabled
 Compressed Oops: Enabled (Zero based)
 Heap Region Size: 2M
 Heap Min Capacity: 8M
 Heap Initial Capacity: 252M
 Heap Max Capacity: 4008M
 Pre-touch: Disabled
 Parallel Workers: 8
 Concurrent Workers: 2
 Concurrent Refinement Workers: 8
 Periodic GC: Disabled
Heap:
 garbage-first heap   total 159744K, used 97722K [0x0000000705800000, 0x0000000800000000)
  region size 2048K, 37 young (75776K), 2 survivors (4096K)
 Metaspace       used 53934K, committed 54464K, reserved 1114112K
  class space    used 7223K, committed 7488K, reserved 1048576K
GC Heap History (20 events):
Event: 4.179 GC heap before
{Heap before GC invocations=1 (full 0):
 garbage-first heap   total 258048K, used 27343K [0x0000000705800000, 0x0000000800000000)
  region size 2048K, 12 young (24576K), 2 survivors (4096K)
 Metaspace       used 9673K, committed 9920K, reserved 1114112K
  class space    used 1238K, committed 1344K, reserved 1048576K
}
Event: 4.183 GC heap after
{Heap after GC invocations=2 (full 0):
 garbage-first heap   total 258048K, used 9201K [0x0000000705800000, 0x0000000800000000)
  region size 2048K, 1 young (2048K), 1 survivors (2048K)
 Metaspace       used 9673K, committed 9920K, reserved 1114112K
  class space    used 1238K, committed 1344K, reserved 1048576K
}
Event: 6.268 GC heap before
{Heap before GC invocations=2 (full 0):
 garbage-first heap   total 258048K, used 58353K [0x0000000705800000, 0x0000000800000000)
  region size 2048K, 26 young (53248K), 1 survivors (2048K)
 Metaspace       used 19599K, committed 19968K, reserved 1114112K
  class space    used 2388K, committed 2560K, reserved 1048576K
}
Event: 6.279 GC heap after
{Heap after GC invocations=3 (full 0):
 garbage-first heap   total 258048K, used 13836K [0x0000000705800000, 0x0000000800000000)
  region size 2048K, 4 young (8192K), 4 survivors (8192K)
 Metaspace       used 19599K, committed 19968K, reserved 1114112K
  class space    used 2388K, committed 2560K, reserved 1048576K
}
Event: 7.491 GC heap before
{Heap before GC invocations=3 (full 0):
 garbage-first heap   total 258048K, used 32268K [0x0000000705800000, 0x0000000800000000)
  region size 2048K, 14 young (28672K), 4 survivors (8192K)
 Metaspace       used 21183K, committed 21504K, reserved 1114112K
  class space    used 2574K, committed 2752K, reserved 1048576K
}
Event: 7.500 GC heap after
{Heap after GC invocations=4 (full 0):
 garbage-first heap   total 258048K, used 14658K [0x0000000705800000, 0x0000000800000000)
  region size 2048K, 4 young (8192K), 4 survivors (8192K)
 Metaspace       used 21183K, committed 21504K, reserved 1114112K
  class space    used 2574K, committed 2752K, reserved 1048576K
}
Event: 9.229 GC heap before
{Heap before GC invocations=5 (full 0):
 garbage-first heap   total 61440K, used 41282K [0x0000000705800000, 0x0000000800000000)
  region size 2048K, 18 young (36864K), 4 survivors (8192K)
 Metaspace       used 25233K, committed 25600K, reserved 1114112K
  class space    used 3156K, committed 3328K, reserved 1048576K
}
Event: 9.246 GC heap after
{Heap after GC invocations=6 (full 0):
 garbage-first heap   total 61440K, used 16561K [0x0000000705800000, 0x0000000800000000)
  region size 2048K, 2 young (4096K), 2 survivors (4096K)
 Metaspace       used 25233K, committed 25600K, reserved 1114112K
  class space    used 3156K, committed 3328K, reserved 1048576K
}
Event: 10.924 GC heap before
{Heap before GC invocations=6 (full 0):
 garbage-first heap   total 61440K, used 41137K [0x0000000705800000, 0x0000000800000000)
  region size 2048K, 14 young (28672K), 2 survivors (4096K)
 Metaspace       used 29698K, committed 30080K, reserved 1114112K
  class space    used 3745K, committed 3904K, reserved 1048576K
}
Event: 10.940 GC heap after
{Heap after GC invocations=7 (full 0):
 garbage-first heap   total 61440K, used 19130K [0x0000000705800000, 0x0000000800000000)
  region size 2048K, 2 young (4096K), 2 survivors (4096K)
 Metaspace       used 29698K, committed 30080K, reserved 1114112K
  class space    used 3745K, committed 3904K, reserved 1048576K
}
Event: 11.487 GC heap before
{Heap before GC invocations=7 (full 0):
 garbage-first heap   total 61440K, used 41658K [0x0000000705800000, 0x0000000800000000)
  region size 2048K, 13 young (26624K), 2 survivors (4096K)
 Metaspace       used 30698K, committed 31104K, reserved 1114112K
  class space    used 3893K, committed 4096K, reserved 1048576K
}
Event: 11.501 GC heap after
{Heap after GC invocations=8 (full 0):
 garbage-first heap   total 61440K, used 19685K [0x0000000705800000, 0x0000000800000000)
  region size 2048K, 1 young (2048K), 1 survivors (2048K)
 Metaspace       used 30698K, committed 31104K, reserved 1114112K
  class space    used 3893K, committed 4096K, reserved 1048576K
}
Event: 12.830 GC heap before
{Heap before GC invocations=8 (full 0):
 garbage-first heap   total 61440K, used 42213K [0x0000000705800000, 0x0000000800000000)
  region size 2048K, 12 young (24576K), 1 survivors (2048K)
 Metaspace       used 35229K, committed 35712K, reserved 1114112K
  class space    used 4576K, committed 4800K, reserved 1048576K
}
Event: 12.844 GC heap after
{Heap after GC invocations=9 (full 0):
 garbage-first heap   total 61440K, used 21098K [0x0000000705800000, 0x0000000800000000)
  region size 2048K, 2 young (4096K), 2 survivors (4096K)
 Metaspace       used 35229K, committed 35712K, reserved 1114112K
  class space    used 4576K, committed 4800K, reserved 1048576K
}
Event: 12.969 GC heap before
{Heap before GC invocations=9 (full 0):
 garbage-first heap   total 61440K, used 23146K [0x0000000705800000, 0x0000000800000000)
  region size 2048K, 4 young (8192K), 2 survivors (4096K)
 Metaspace       used 35633K, committed 36096K, reserved 1114112K
  class space    used 4636K, committed 4864K, reserved 1048576K
}
Event: 12.980 GC heap after
{Heap after GC invocations=10 (full 0):
 garbage-first heap   total 61440K, used 21303K [0x0000000705800000, 0x0000000800000000)
  region size 2048K, 1 young (2048K), 1 survivors (2048K)
 Metaspace       used 35633K, committed 36096K, reserved 1114112K
  class space    used 4636K, committed 4864K, reserved 1048576K
}
Event: 13.732 GC heap before
{Heap before GC invocations=11 (full 0):
 garbage-first heap   total 61440K, used 43831K [0x0000000705800000, 0x0000000800000000)
  region size 2048K, 13 young (26624K), 1 survivors (2048K)
 Metaspace       used 37699K, committed 38144K, reserved 1114112K
  class space    used 4913K, committed 5120K, reserved 1048576K
}
Event: 13.751 GC heap after
{Heap after GC invocations=12 (full 0):
 garbage-first heap   total 61440K, used 25684K [0x0000000705800000, 0x0000000800000000)
  region size 2048K, 2 young (4096K), 2 survivors (4096K)
 Metaspace       used 37699K, committed 38144K, reserved 1114112K
  class space    used 4913K, committed 5120K, reserved 1048576K
}
Event: 14.814 GC heap before
{Heap before GC invocations=12 (full 0):
 garbage-first heap   total 61440K, used 44116K [0x0000000705800000, 0x0000000800000000)
  region size 2048K, 11 young (22528K), 2 survivors (4096K)
 Metaspace       used 40820K, committed 41280K, reserved 1114112K
  class space    used 5358K, committed 5568K, reserved 1048576K
}
Event: 14.827 GC heap after
{Heap after GC invocations=13 (full 0):
 garbage-first heap   total 159744K, used 28090K [0x0000000705800000, 0x0000000800000000)
  region size 2048K, 2 young (4096K), 2 survivors (4096K)
 Metaspace       used 40820K, committed 41280K, reserved 1114112K
  class space    used 5358K, committed 5568K, reserved 1048576K
}

